[0m23:36:08.584095 [debug] [MainThread]: Sending event: {'category': 'dbt', 'action': 'invocation', 'label': 'start', 'context': [<snowplow_tracker.self_describing_json.SelfDescribingJson object at 0x000002181E6A7DD0>, <snowplow_tracker.self_describing_json.SelfDescribingJson object at 0x000002181E6AE010>, <snowplow_tracker.self_describing_json.SelfDescribingJson object at 0x000002181E6ADF90>]}


============================== 23:36:08.589463 | 7a3d6d0f-44d1-4f1a-a34d-9c71e95d94ac ==============================
[0m23:36:08.589463 [info ] [MainThread]: Running with dbt=1.7.7
[0m23:36:08.590482 [debug] [MainThread]: running dbt with arguments {'printer_width': '80', 'indirect_selection': 'eager', 'write_json': 'True', 'log_cache_events': 'False', 'partial_parse': 'True', 'cache_selected_only': 'False', 'warn_error': 'None', 'debug': 'False', 'version_check': 'True', 'log_path': 'logs', 'profiles_dir': 'C:\\Users\\jrver\\.dbt', 'fail_fast': 'False', 'use_colors': 'True', 'use_experimental_parser': 'False', 'no_print': 'None', 'quiet': 'False', 'warn_error_options': 'WarnErrorOptions(include=[], exclude=[])', 'introspect': 'True', 'static_parser': 'True', 'log_format': 'default', 'target_path': 'None', 'invocation_command': 'dbt run', 'send_anonymous_usage_stats': 'True'}
[0m23:36:08.591526 [error] [MainThread]: Encountered an error:
Runtime Error
  No dbt_project.yml found at expected path C:\Users\jrver\PycharmProjects\Python\SnowflakeAirflowDbtCosmo\dbt_airflow\dbt_project.yml
  Verify that each entry within packages.yml (and their transitive dependencies) contains a file named dbt_project.yml
  
[0m23:36:08.592575 [debug] [MainThread]: Command `dbt run` failed at 23:36:08.592575 after 0.02 seconds
[0m23:36:08.593620 [debug] [MainThread]: Sending event: {'category': 'dbt', 'action': 'invocation', 'label': 'end', 'context': [<snowplow_tracker.self_describing_json.SelfDescribingJson object at 0x00000218175EBAD0>, <snowplow_tracker.self_describing_json.SelfDescribingJson object at 0x000002181E6BBB50>, <snowplow_tracker.self_describing_json.SelfDescribingJson object at 0x000002181E6BB550>]}
[0m23:36:08.593620 [debug] [MainThread]: Flushing usage events
[0m17:37:22.181547 [debug] [MainThread]: Sending event: {'category': 'dbt', 'action': 'invocation', 'label': 'start', 'context': [<snowplow_tracker.self_describing_json.SelfDescribingJson object at 0x0000018E4DB88B10>, <snowplow_tracker.self_describing_json.SelfDescribingJson object at 0x0000018E4DB88BD0>, <snowplow_tracker.self_describing_json.SelfDescribingJson object at 0x0000018E4DB88E50>]}


============================== 17:37:22.187969 | 6c9c7223-33c5-4759-8d0f-f9396b1ce62c ==============================
[0m17:37:22.187969 [info ] [MainThread]: Running with dbt=1.6.9
[0m17:37:22.188446 [debug] [MainThread]: running dbt with arguments {'printer_width': '80', 'indirect_selection': 'eager', 'log_cache_events': 'False', 'write_json': 'True', 'partial_parse': 'True', 'cache_selected_only': 'False', 'profiles_dir': 'C:\\Users\\jrver\\.dbt', 'version_check': 'True', 'fail_fast': 'False', 'log_path': 'logs', 'warn_error': 'None', 'debug': 'False', 'use_colors': 'True', 'use_experimental_parser': 'False', 'no_print': 'None', 'quiet': 'False', 'warn_error_options': 'WarnErrorOptions(include=[], exclude=[])', 'invocation_command': 'dbt debug', 'introspect': 'True', 'log_format': 'default', 'target_path': 'None', 'static_parser': 'True', 'send_anonymous_usage_stats': 'True'}
[0m17:37:22.189519 [info ] [MainThread]: dbt version: 1.6.9
[0m17:37:22.190574 [info ] [MainThread]: python version: 3.11.4
[0m17:37:22.190574 [info ] [MainThread]: python path: C:\Users\jrver\PycharmProjects\Python\SnowflakeAirflowDbtCosmo\venv\Scripts\python.exe
[0m17:37:22.191651 [info ] [MainThread]: os info: Windows-10-10.0.22631-SP0
[0m17:37:22.191651 [info ] [MainThread]: Using profiles dir at C:\Users\jrver\.dbt
[0m17:37:22.192776 [info ] [MainThread]: Using profiles.yml file at C:\Users\jrver\.dbt\profiles.yml
[0m17:37:22.192776 [info ] [MainThread]: Using dbt_project.yml file at C:\Users\jrver\PycharmProjects\Python\SnowflakeAirflowDbtCosmo\dbt_airflow\dbt_project.yml
[0m17:37:22.193885 [info ] [MainThread]: Configuration:
[0m17:37:22.194960 [info ] [MainThread]:   profiles.yml file [[31mERROR not found[0m]
[0m17:37:22.194960 [info ] [MainThread]:   dbt_project.yml file [[31mERROR not found[0m]
[0m17:37:22.194960 [info ] [MainThread]: Required dependencies:
[0m17:37:22.196467 [debug] [MainThread]: Executing "git --help"
[0m17:37:22.291527 [debug] [MainThread]: STDOUT: "b"usage: git [-v | --version] [-h | --help] [-C <path>] [-c <name>=<value>]\n           [--exec-path[=<path>]] [--html-path] [--man-path] [--info-path]\n           [-p | --paginate | -P | --no-pager] [--no-replace-objects] [--bare]\n           [--git-dir=<path>] [--work-tree=<path>] [--namespace=<name>]\n           [--config-env=<name>=<envvar>] <command> [<args>]\n\nThese are common Git commands used in various situations:\n\nstart a working area (see also: git help tutorial)\n   clone     Clone a repository into a new directory\n   init      Create an empty Git repository or reinitialize an existing one\n\nwork on the current change (see also: git help everyday)\n   add       Add file contents to the index\n   mv        Move or rename a file, a directory, or a symlink\n   restore   Restore working tree files\n   rm        Remove files from the working tree and from the index\n\nexamine the history and state (see also: git help revisions)\n   bisect    Use binary search to find the commit that introduced a bug\n   diff      Show changes between commits, commit and working tree, etc\n   grep      Print lines matching a pattern\n   log       Show commit logs\n   show      Show various types of objects\n   status    Show the working tree status\n\ngrow, mark and tweak your common history\n   branch    List, create, or delete branches\n   commit    Record changes to the repository\n   merge     Join two or more development histories together\n   rebase    Reapply commits on top of another base tip\n   reset     Reset current HEAD to the specified state\n   switch    Switch branches\n   tag       Create, list, delete or verify a tag object signed with GPG\n\ncollaborate (see also: git help workflows)\n   fetch     Download objects and refs from another repository\n   pull      Fetch from and integrate with another repository or a local branch\n   push      Update remote refs along with associated objects\n\n'git help -a' and 'git help -g' list available subcommands and some\nconcept guides. See 'git help <command>' or 'git help <concept>'\nto read about a specific subcommand or concept.\nSee 'git help git' for an overview of the system.\n""
[0m17:37:22.291527 [debug] [MainThread]: STDERR: "b''"
[0m17:37:22.292554 [info ] [MainThread]:  - git [[32mOK found[0m]

[0m17:37:22.293105 [info ] [MainThread]: Connection test skipped since no profile was found
[0m17:37:22.293105 [info ] [MainThread]: [31m2 checks failed:[0m
[0m17:37:22.294180 [info ] [MainThread]: dbt looked for a profiles.yml file in C:\Users\jrver\.dbt\profiles.yml, but did
not find one. For more information on configuring your profile, consult the
documentation:

https://docs.getdbt.com/docs/configure-your-profile


[0m17:37:22.295025 [info ] [MainThread]: Project loading failed for the following reason:
 project path <C:\Users\jrver\PycharmProjects\Python\SnowflakeAirflowDbtCosmo\dbt_airflow\dbt_project.yml> not found

[0m17:37:22.296122 [debug] [MainThread]: Command `dbt debug` failed at 17:37:22.296122 after 0.13 seconds
[0m17:37:22.296635 [debug] [MainThread]: Sending event: {'category': 'dbt', 'action': 'invocation', 'label': 'end', 'context': [<snowplow_tracker.self_describing_json.SelfDescribingJson object at 0x0000018E46D7F490>, <snowplow_tracker.self_describing_json.SelfDescribingJson object at 0x0000018E4D9DE2D0>, <snowplow_tracker.self_describing_json.SelfDescribingJson object at 0x0000018E4CD08150>]}
[0m17:37:22.297261 [debug] [MainThread]: Flushing usage events
[0m18:36:34.280270 [debug] [MainThread]: Sending event: {'category': 'dbt', 'action': 'invocation', 'label': 'start', 'context': [<snowplow_tracker.self_describing_json.SelfDescribingJson object at 0x000001FA9BF6A2D0>, <snowplow_tracker.self_describing_json.SelfDescribingJson object at 0x000001FA9BF6A310>, <snowplow_tracker.self_describing_json.SelfDescribingJson object at 0x000001FA9BF6A090>]}


============================== 18:36:34.285016 | 27540009-fdab-47a3-923e-b73aebaba07c ==============================
[0m18:36:34.285016 [info ] [MainThread]: Running with dbt=1.6.9
[0m18:36:34.286072 [debug] [MainThread]: running dbt with arguments {'printer_width': '80', 'indirect_selection': 'eager', 'write_json': 'True', 'log_cache_events': 'False', 'partial_parse': 'True', 'cache_selected_only': 'False', 'warn_error': 'None', 'version_check': 'True', 'debug': 'False', 'log_path': 'logs', 'profiles_dir': 'C:\\Users\\jrver\\.dbt', 'fail_fast': 'False', 'use_colors': 'True', 'use_experimental_parser': 'False', 'no_print': 'None', 'quiet': 'False', 'warn_error_options': 'WarnErrorOptions(include=[], exclude=[])', 'invocation_command': 'dbt test', 'introspect': 'True', 'log_format': 'default', 'target_path': 'None', 'static_parser': 'True', 'send_anonymous_usage_stats': 'True'}
[0m18:36:34.286150 [error] [MainThread]: Encountered an error:
Runtime Error
  No dbt_project.yml found at expected path C:\Users\jrver\PycharmProjects\Python\SnowflakeAirflowDbtCosmo\dbt_airflow\dbt_project.yml
  Verify that each entry within packages.yml (and their transitive dependencies) contains a file named dbt_project.yml
  
[0m18:36:34.287211 [debug] [MainThread]: Command `dbt test` failed at 18:36:34.287211 after 0.02 seconds
[0m18:36:34.288291 [debug] [MainThread]: Sending event: {'category': 'dbt', 'action': 'invocation', 'label': 'end', 'context': [<snowplow_tracker.self_describing_json.SelfDescribingJson object at 0x000001FA9506F490>, <snowplow_tracker.self_describing_json.SelfDescribingJson object at 0x000001FA9BF68CD0>, <snowplow_tracker.self_describing_json.SelfDescribingJson object at 0x000001FA9BF6A010>]}
[0m18:36:34.288291 [debug] [MainThread]: Flushing usage events
